[2026-05-11 18:08] === Prospect Hunter run  ===
[2026-05-11 18:08] Existing prospects: 23
[2026-05-11 18:08] Query: municipal bond separately managed account boutique RIA firm director portfolio m...
[2026-05-11 18:08] Discovered: 0 firms from Perplexity
[2026-05-11 18:08] New prospects added: 0
[2026-05-11 18:08] Done.
[2026-05-11 18:09] === Prospect Hunter run  ===
[2026-05-11 18:09] Existing prospects: 23
[2026-05-11 18:09] Query: municipal bond separately managed account boutique RIA firm director portfolio m...
[2026-05-11 18:09] Discovered: 8 firms from Perplexity
[2026-05-11 18:09]   Scraping https://www.oneoakcapitalmgmt.com...
[2026-05-11 18:09]     Found: sditursi@oneoakcapitalmgmt.com
[2026-05-11 18:09]   Scraping https://16rock.com...
[2026-05-11 18:10]     No email found
[2026-05-11 18:10]   Scraping https://advisorintelligence.com...
[2026-05-11 18:10]     No email found
[2026-05-11 18:10]   Scraping https://www.loomissayles.com...
[2026-05-11 18:10]     Found: Compliance.Netherlands@LoomisSayles.com
[2026-05-11 18:10]   Scraping https://www.gsam.com...
[2026-05-11 18:10]     Found: AIMSAtlas@gs.com
[2026-05-11 18:10]   Scraping https://www.franklintempleton.com...
[2026-05-11 18:10]     No email found
[2026-05-11 18:10]   Scraping https://www.dws.com...
[2026-05-11 18:10]     Found: info@dws.com
[2026-05-11 18:10]   Scraping https://www.alliancebernstein.com...
[2026-05-11 18:10]     No email found
[2026-05-11 18:10] Firms with emails: 4
[2026-05-11 18:10]   + Added: One Oak Capital Management, LLC <sditursi@oneoakcapitalmgmt.com>
[2026-05-11 18:10]   + Added: Loomis Sayles <compliance.netherlands@loomissayles.com>
[2026-05-11 18:10]   + Added: Goldman Sachs Asset Management <aimsatlas@gs.com>
[2026-05-11 18:10]   + Added: DWS <info@dws.com>
[2026-05-11 18:10] New prospects added: 4
[2026-05-11 18:10]   → Sending outreach: One Oak Capital Management, LLC
[2026-05-11 18:10]   → Sending outreach: Loomis Sayles
[2026-05-11 18:10]   → Sending outreach: Goldman Sachs Asset Management
[2026-05-11 18:10]   → Sending outreach: DWS
[2026-05-11 18:10] Done.
[2026-05-13 11:00] === Prospect Hunter run  ===
[2026-05-13 11:00] Existing prospects: 27
[2026-05-13 11:00] Query: boutique muni bond fund manager state-specific tax-exempt income advisor email c...
[2026-05-13 11:00] Discovered: 10 firms from Perplexity
[2026-05-13 11:00]   Scraping https://www.putnam.com/individual/how-we-invest/tax-free-income-funds...
[2026-05-13 11:00]     No email found
[2026-05-13 11:00]   Scraping https://investor.vanguard.com/municipal-bond-funds...
[2026-05-13 11:00]     No email found
[2026-05-13 11:00]   Scraping https://www.nuveen.com/en-us/separately-managed-accounts/state-specific-and-state-preference...
[2026-05-13 11:00]     Found: email@email.com
[2026-05-13 11:00]   Scraping https://www.federatedhermes.com/en/munis...
[2026-05-13 11:00]     No email found
[2026-05-13 11:00]   Scraping https://www.capitalgroup.com/individual/investments/fund/aftex...
[2026-05-13 11:00]     No email found
[2026-05-13 11:00]   Scraping https://www.pimco.com/en-us/strategies/municipal-bond...
[2026-05-13 11:00]     No email found
[2026-05-13 11:00]   Scraping https://www.troweprice.com/personal-investing/investing/municipal-bond-funds.html...
[2026-05-13 11:00]     No email found
[2026-05-13 11:00]   Scraping https://www.mfs.com/en-us/individual-investor/product-strategies/municipal-bond-funds.html...
[2026-05-13 11:00]     No email found
[2026-05-13 11:00]   Scraping https://www.eatonvance.com/municipal-bond-funds...
[2026-05-13 11:00]     No email found
[2026-05-13 11:00]   Scraping https://www.lordabbett.com/en-us/individual-investors/mutual-funds/tax-free-income.html...
[2026-05-13 11:00]     No email found
[2026-05-13 11:00] Firms with emails: 1
[2026-05-13 11:00]   + Added: Nuveen <email@email.com>
[2026-05-13 11:00] New prospects added: 1
[2026-05-13 11:00]   → Sending outreach: Nuveen
[2026-05-13 11:00] Done.
[2026-05-13 11:00] === Prospect Hunter run  ===
[2026-05-13 11:00] Existing prospects: 27
[2026-05-13 11:00] Query: boutique muni bond fund manager state-specific tax-exempt income advisor email c...
[2026-05-13 11:00] Discovered: 10 firms from Perplexity
[2026-05-13 11:00]   Scraping https://www.putnam.com/individual/how-we-invest/tax-free-income-funds...
[2026-05-13 11:00]     No email found
[2026-05-13 11:00]   Scraping https://investor.vanguard.com/municipal-bond-funds...
[2026-05-13 11:00]     No email found
[2026-05-13 11:00]   Scraping https://www.nuveen.com/en-us/separately-managed-accounts/state-specific-and-state-preference...
[2026-05-13 11:00]     Found: email@email.com
[2026-05-13 11:00]   Scraping https://www.federatedhermes.com/en/munis...
[2026-05-13 11:00]     No email found
[2026-05-13 11:00]   Scraping https://www.capitalgroup.com/individual/investments/fund/aftex...
[2026-05-13 11:00]     No email found
[2026-05-13 11:00]   Scraping https://www.pimco.com/en-us/strategies/municipal-bond...
[2026-05-13 11:00]     No email found
[2026-05-13 11:00]   Scraping https://www.troweprice.com/personal-investing/investing/municipal-bond-funds.html...
[2026-05-13 11:00]     No email found
[2026-05-13 11:00]   Scraping https://www.mfs.com/en-us/individual-investor/product-strategies/municipal-bond-funds.html...
[2026-05-13 11:00]     No email found
[2026-05-13 11:00]   Scraping https://www.eatonvance.com/municipal-bond-funds...
[2026-05-13 11:00]     No email found
[2026-05-13 11:00]   Scraping https://www.lordabbett.com/en-us/individual-investors/mutual-funds/tax-free-income.html...
[2026-05-13 11:00]     No email found
[2026-05-13 11:00] Firms with emails: 1
[2026-05-13 11:00]   + Added: Nuveen <email@email.com>
[2026-05-13 11:00] New prospects added: 1
[2026-05-13 11:00]   → Sending outreach: Nuveen
[2026-05-13 11:00] Done.
